<?xml version="1.0" encoding="UTF-8"?>
<testsuite name="com.crud.tasks.tello.mapper.TrelloMapperTest" tests="6" skipped="0" failures="0" errors="0" timestamp="2025-07-05T13:20:27" hostname="LAPTOP-UQ2O29VI" time="0.056">
  <properties/>
  <testcase name="shouldMapToBoardsDto()" classname="com.crud.tasks.tello.mapper.TrelloMapperTest" time="0.009"/>
  <testcase name="shouldMapToCard()" classname="com.crud.tasks.tello.mapper.TrelloMapperTest" time="0.003"/>
  <testcase name="shouldMapToList()" classname="com.crud.tasks.tello.mapper.TrelloMapperTest" time="0.006"/>
  <testcase name="shouldMapToListDto()" classname="com.crud.tasks.tello.mapper.TrelloMapperTest" time="0.003"/>
  <testcase name="shouldMapToCardDto()" classname="com.crud.tasks.tello.mapper.TrelloMapperTest" time="0.01"/>
  <testcase name="shouldMapToBoards()" classname="com.crud.tasks.tello.mapper.TrelloMapperTest" time="0.004"/>
  <system-out><![CDATA[]]></system-out>
  <system-err><![CDATA[]]></system-err>
</testsuite>
