<?xml version="1.0" encoding="UTF-8"?>
<testsuite name="com.crud.tasks.controller.TaskControllerTest" tests="5" skipped="0" failures="0" errors="0" timestamp="2025-07-04T20:29:04" hostname="LAPTOP-UQ2O29VI" time="0.893">
  <properties/>
  <testcase name="shouldUpdateTask()" classname="com.crud.tasks.controller.TaskControllerTest" time="0.765"/>
  <testcase name="shouldFetchSingleTask()" classname="com.crud.tasks.controller.TaskControllerTest" time="0.029"/>
  <testcase name="shouldCreateTask()" classname="com.crud.tasks.controller.TaskControllerTest" time="0.021"/>
  <testcase name="shouldDeleteTask()" classname="com.crud.tasks.controller.TaskControllerTest" time="0.024"/>
  <testcase name="shouldFetchAllTasks()" classname="com.crud.tasks.controller.TaskControllerTest" time="0.041"/>
  <system-out><![CDATA[2025-07-04T22:29:03.054+02:00  INFO 8672 --- [tasks] [    Test worker] .b.t.c.SpringBootTestContextBootstrapper : Found @SpringBootConfiguration com.crud.tasks.TasksApplication for test class com.crud.tasks.controller.TaskControllerTest

  .   ____          _            __ _ _
 /\\ / ___'_ __ _ _(_)_ __  __ _ \ \ \ \
( ( )\___ | '_ | '_| | '_ \/ _` | \ \ \ \
 \\/  ___)| |_)| | | | | || (_| |  ) ) ) )
  '  |____| .__|_| |_|_| |_\__, | / / / /
 =========|_|==============|___/=/_/_/_/

 :: Spring Boot ::                (v3.4.4)

2025-07-04T22:29:03.126+02:00  INFO 8672 --- [tasks] [    Test worker] c.c.tasks.controller.TaskControllerTest  : Starting TaskControllerTest using Java 21.0.6 with PID 8672 (started by mpods in C:\Users\mpods\IdeaProjects\tasks)
2025-07-04T22:29:03.127+02:00  INFO 8672 --- [tasks] [    Test worker] c.c.tasks.controller.TaskControllerTest  : No active profile set, falling back to 1 default profile: "default"
2025-07-04T22:29:03.132+02:00 DEBUG 8672 --- [tasks] [    Test worker] o.s.w.c.s.GenericWebApplicationContext   : Refreshing org.springframework.web.context.support.GenericWebApplicationContext@7731504
2025-07-04T22:29:04.247+02:00  INFO 8672 --- [tasks] [    Test worker] o.s.v.b.OptionalValidatorFactoryBean     : Failed to set up a Bean Validation provider: jakarta.validation.NoProviderFoundException: Unable to create a Configuration, because no Jakarta Bean Validation provider could be found. Add a provider like Hibernate Validator (RI) to your classpath.
2025-07-04T22:29:04.303+02:00 DEBUG 8672 --- [tasks] [    Test worker] s.w.s.m.m.a.RequestMappingHandlerMapping : 7 mappings in 'requestMappingHandlerMapping'
2025-07-04T22:29:04.482+02:00 DEBUG 8672 --- [tasks] [    Test worker] o.s.w.s.handler.SimpleUrlHandlerMapping  : Patterns [/webjars/**, /**] in 'resourceHandlerMapping'
2025-07-04T22:29:04.503+02:00 DEBUG 8672 --- [tasks] [    Test worker] s.w.s.m.m.a.RequestMappingHandlerAdapter : ControllerAdvice beans: 0 @ModelAttribute, 0 @InitBinder, 1 RequestBodyAdvice, 1 ResponseBodyAdvice
2025-07-04T22:29:04.529+02:00 DEBUG 8672 --- [tasks] [    Test worker] .m.m.a.ExceptionHandlerExceptionResolver : ControllerAdvice beans: 1 @ExceptionHandler, 1 ResponseBodyAdvice
2025-07-04T22:29:04.660+02:00  INFO 8672 --- [tasks] [    Test worker] o.s.b.t.m.w.SpringBootMockServletContext : Initializing Spring TestDispatcherServlet ''
2025-07-04T22:29:04.662+02:00  INFO 8672 --- [tasks] [    Test worker] o.s.t.web.servlet.TestDispatcherServlet  : Initializing Servlet ''
2025-07-04T22:29:04.670+02:00  INFO 8672 --- [tasks] [    Test worker] o.s.t.web.servlet.TestDispatcherServlet  : Completed initialization in 3 ms
2025-07-04T22:29:04.714+02:00  INFO 8672 --- [tasks] [    Test worker] c.c.tasks.controller.TaskControllerTest  : Started TaskControllerTest in 1.654 seconds (process running for 40.796)
2025-07-04T22:29:05.006+02:00 DEBUG 8672 --- [tasks] [    Test worker] s.w.s.m.m.a.RequestMappingHandlerMapping : Mapped to com.crud.tasks.controller.TaskController#updateTask(TaskDto)
2025-07-04T22:29:05.208+02:00 DEBUG 8672 --- [tasks] [    Test worker] m.m.a.RequestResponseBodyMethodProcessor : Read "application/json;charset=UTF-8" to [TaskDto(id=1, title=Updated, content=Content)]
2025-07-04T22:29:05.292+02:00 DEBUG 8672 --- [tasks] [    Test worker] o.s.w.s.m.m.a.HttpEntityMethodProcessor  : Using 'application/json', given [*/*] and supported [application/json, application/*+json, application/yaml]
2025-07-04T22:29:05.295+02:00 DEBUG 8672 --- [tasks] [    Test worker] o.s.w.s.m.m.a.HttpEntityMethodProcessor  : Writing [TaskDto(id=1, title=Updated, content=Content)]
2025-07-04T22:29:05.508+02:00 DEBUG 8672 --- [tasks] [    Test worker] s.w.s.m.m.a.RequestMappingHandlerMapping : Mapped to com.crud.tasks.controller.TaskController#getTask(Long)
2025-07-04T22:29:05.518+02:00 DEBUG 8672 --- [tasks] [    Test worker] o.s.w.s.m.m.a.HttpEntityMethodProcessor  : Using 'application/json', given [*/*] and supported [application/json, application/*+json, application/yaml]
2025-07-04T22:29:05.520+02:00 DEBUG 8672 --- [tasks] [    Test worker] o.s.w.s.m.m.a.HttpEntityMethodProcessor  : Writing [TaskDto(id=1, title=Single, content=Content)]
2025-07-04T22:29:05.537+02:00 DEBUG 8672 --- [tasks] [    Test worker] s.w.s.m.m.a.RequestMappingHandlerMapping : Mapped to com.crud.tasks.controller.TaskController#createTask(TaskDto)
2025-07-04T22:29:05.540+02:00 DEBUG 8672 --- [tasks] [    Test worker] m.m.a.RequestResponseBodyMethodProcessor : Read "application/json;charset=UTF-8" to [TaskDto(id=1, title=New Task, content=New Content)]
2025-07-04T22:29:05.542+02:00 DEBUG 8672 --- [tasks] [    Test worker] o.s.w.s.m.m.a.HttpEntityMethodProcessor  : Using 'application/json', given [*/*] and supported [application/json]
2025-07-04T22:29:05.543+02:00 DEBUG 8672 --- [tasks] [    Test worker] o.s.w.s.m.m.a.HttpEntityMethodProcessor  : Nothing to write: null body
2025-07-04T22:29:05.561+02:00 DEBUG 8672 --- [tasks] [    Test worker] s.w.s.m.m.a.RequestMappingHandlerMapping : Mapped to com.crud.tasks.controller.TaskController#deleteTask(Long)
2025-07-04T22:29:05.569+02:00 DEBUG 8672 --- [tasks] [    Test worker] o.s.w.s.m.m.a.HttpEntityMethodProcessor  : Using 'application/json', given [*/*] and supported [application/json, application/*+json, application/yaml]
2025-07-04T22:29:05.570+02:00 DEBUG 8672 --- [tasks] [    Test worker] o.s.w.s.m.m.a.HttpEntityMethodProcessor  : Nothing to write: null body
2025-07-04T22:29:05.588+02:00 DEBUG 8672 --- [tasks] [    Test worker] s.w.s.m.m.a.RequestMappingHandlerMapping : Mapped to com.crud.tasks.controller.TaskController#getAllTasks()
2025-07-04T22:29:05.604+02:00 DEBUG 8672 --- [tasks] [    Test worker] o.s.w.s.m.m.a.HttpEntityMethodProcessor  : Using 'application/json', given [*/*] and supported [application/json, application/*+json, application/yaml]
2025-07-04T22:29:05.605+02:00 DEBUG 8672 --- [tasks] [    Test worker] o.s.w.s.m.m.a.HttpEntityMethodProcessor  : Writing [[TaskDto(id=1, title=Test, content=Content)]]
]]></system-out>
  <system-err><![CDATA[]]></system-err>
</testsuite>
