<?xml version="1.0" encoding="UTF-8"?>
<testsuite name="com.crud.tasks.tello.config.TrelloConfigTest" tests="1" skipped="0" failures="0" errors="0" timestamp="2025-05-17T12:21:16" hostname="LAPTOP-UQ2O29VI" time="0.02">
  <properties/>
  <testcase name="testTrelloConfigLoadsProperly()" classname="com.crud.tasks.tello.config.TrelloConfigTest" time="0.02"/>
  <system-out><![CDATA[2025-05-17T14:21:16.853+02:00  INFO 6704 --- [tasks] [    Test worker] t.c.s.AnnotationConfigContextLoaderUtils : Could not detect default configuration classes for test class [com.crud.tasks.tello.config.TrelloConfigTest]: TrelloConfigTest does not declare any static, non-private, non-final, nested classes annotated with @Configuration.
2025-05-17T14:21:16.921+02:00  INFO 6704 --- [tasks] [    Test worker] .b.t.c.SpringBootTestContextBootstrapper : Found @SpringBootConfiguration com.crud.tasks.TasksApplication for test class com.crud.tasks.tello.config.TrelloConfigTest
]]></system-out>
  <system-err><![CDATA[]]></system-err>
</testsuite>
