<?xml version="1.0" encoding="UTF-8"?>
<testsuite name="com.crud.tasks.domain.TaskDtoTest" tests="3" skipped="0" failures="0" errors="0" timestamp="2025-07-05T17:51:40" hostname="LAPTOP-UQ2O29VI" time="0.007">
  <properties/>
  <testcase name="shouldCreateTaskDtoWithNoArgsConstructor()" classname="com.crud.tasks.domain.TaskDtoTest" time="0.001"/>
  <testcase name="shouldCreateTaskDtoWithAllArgsConstructor()" classname="com.crud.tasks.domain.TaskDtoTest" time="0.001"/>
  <testcase name="testEqualsAndHashCode()" classname="com.crud.tasks.domain.TaskDtoTest" time="0.003"/>
  <system-out><![CDATA[]]></system-out>
  <system-err><![CDATA[]]></system-err>
</testsuite>
