<?xml version="1.0" encoding="UTF-8"?>
<testsuite name="com.crud.tasks.additionaly.TaskMapperTest" tests="3" skipped="0" failures="0" errors="0" timestamp="2025-07-05T13:20:19" hostname="LAPTOP-UQ2O29VI" time="0.011">
  <properties/>
  <testcase name="shouldMapToTaskDto()" classname="com.crud.tasks.additionaly.TaskMapperTest" time="0.002"/>
  <testcase name="shouldMapToTask()" classname="com.crud.tasks.additionaly.TaskMapperTest" time="0.003"/>
  <testcase name="shouldMapToTaskDtoList()" classname="com.crud.tasks.additionaly.TaskMapperTest" time="0.003"/>
  <system-out><![CDATA[]]></system-out>
  <system-err><![CDATA[]]></system-err>
</testsuite>
