<?xml version="1.0" encoding="UTF-8"?>
<testsuite name="com.crud.tasks.service.DbServiceTest" tests="6" skipped="0" failures="0" errors="0" timestamp="2025-07-04T17:31:14" hostname="LAPTOP-UQ2O29VI" time="0.626">
  <properties/>
  <testcase name="shouldThrowExceptionWhenTaskNotFound()" classname="com.crud.tasks.service.DbServiceTest" time="0.549"/>
  <testcase name="shouldGetAllTasks()" classname="com.crud.tasks.service.DbServiceTest" time="0.013"/>
  <testcase name="shouldDeleteTaskById()" classname="com.crud.tasks.service.DbServiceTest" time="0.037"/>
  <testcase name="shouldSaveTask()" classname="com.crud.tasks.service.DbServiceTest" time="0.005"/>
  <testcase name="shouldThrowExceptionWhenDeletingNonexistentTask()" classname="com.crud.tasks.service.DbServiceTest" time="0.006"/>
  <testcase name="shouldGetTaskById()" classname="com.crud.tasks.service.DbServiceTest" time="0.006"/>
  <system-out><![CDATA[]]></system-out>
  <system-err><![CDATA[]]></system-err>
</testsuite>
