<?xml version="1.0" encoding="UTF-8"?>
<testsuite name="com.crud.tasks.service.SimpleEmailServiceTest" tests="1" skipped="0" failures="0" errors="0" timestamp="2025-05-25T11:21:27" hostname="LAPTOP-UQ2O29VI" time="0.435">
  <properties/>
  <testcase name="shouldSendEmail()" classname="com.crud.tasks.service.SimpleEmailServiceTest" time="0.435"/>
  <system-out><![CDATA[2025-05-25T13:21:28.327+02:00  INFO 17680 --- [tasks] [    Test worker] c.crud.tasks.service.SimpleEmailService  : Starting email preparation...
2025-05-25T13:21:28.387+02:00  INFO 17680 --- [tasks] [    Test worker] c.crud.tasks.service.SimpleEmailService  : Email has been sent.
]]></system-out>
  <system-err><![CDATA[]]></system-err>
</testsuite>
