<?xml version="1.0" encoding="UTF-8"?>
<testsuite name="com.crud.tasks.additionaly.SegregationValueTest" tests="4" skipped="0" failures="0" errors="0" timestamp="2025-07-04T17:31:14" hostname="LAPTOP-UQ2O29VI" time="0.007">
  <properties/>
  <testcase name="shouldSortIntegerListInAscendingOrder()" classname="com.crud.tasks.additionaly.SegregationValueTest" time="0.0"/>
  <testcase name="shouldSortIntArrayInAscendingOrder()" classname="com.crud.tasks.additionaly.SegregationValueTest" time="0.003"/>
  <testcase name="shouldSortIntegerListInDescendingOrder()" classname="com.crud.tasks.additionaly.SegregationValueTest" time="0.0"/>
  <testcase name="shouldSortIntegerArrayInDescendingOrder()" classname="com.crud.tasks.additionaly.SegregationValueTest" time="0.001"/>
  <system-out><![CDATA[]]></system-out>
  <system-err><![CDATA[]]></system-err>
</testsuite>
