<?xml version="1.0" encoding="UTF-8"?>
<testsuite name="com.crud.tasks.tello.mapper.CreatedTrelloCardDtoTest" tests="3" skipped="0" failures="0" errors="0" timestamp="2025-07-05T17:51:42" hostname="LAPTOP-UQ2O29VI" time="0.022">
  <properties/>
  <testcase name="shouldDeserializeFromJson()" classname="com.crud.tasks.tello.mapper.CreatedTrelloCardDtoTest" time="0.013"/>
  <testcase name="shouldSerializeToJson()" classname="com.crud.tasks.tello.mapper.CreatedTrelloCardDtoTest" time="0.006"/>
  <testcase name="shouldCreateCreatedTrelloCardDtoWithNestedFields()" classname="com.crud.tasks.tello.mapper.CreatedTrelloCardDtoTest" time="0.001"/>
  <system-out><![CDATA[]]></system-out>
  <system-err><![CDATA[]]></system-err>
</testsuite>
