<?xml version="1.0" encoding="UTF-8"?>
<testsuite name="com.crud.tasks.controller.TaskControllerTest" tests="5" skipped="0" failures="0" errors="0" timestamp="2025-07-05T13:20:22" hostname="LAPTOP-UQ2O29VI" time="0.78">
  <properties/>
  <testcase name="shouldUpdateTask()" classname="com.crud.tasks.controller.TaskControllerTest" time="0.664"/>
  <testcase name="shouldFetchSingleTask()" classname="com.crud.tasks.controller.TaskControllerTest" time="0.023"/>
  <testcase name="shouldCreateTask()" classname="com.crud.tasks.controller.TaskControllerTest" time="0.021"/>
  <testcase name="shouldDeleteTask()" classname="com.crud.tasks.controller.TaskControllerTest" time="0.02"/>
  <testcase name="shouldFetchAllTasks()" classname="com.crud.tasks.controller.TaskControllerTest" time="0.041"/>
  <system-out><![CDATA[2025-07-05T15:20:19.642+02:00  INFO 27328 --- [tasks] [    Test worker] .b.t.c.SpringBootTestContextBootstrapper : Found @SpringBootConfiguration com.crud.tasks.TasksApplication for test class com.crud.tasks.controller.TaskControllerTest

  .   ____          _            __ _ _
 /\\ / ___'_ __ _ _(_)_ __  __ _ \ \ \ \
( ( )\___ | '_ | '_| | '_ \/ _` | \ \ \ \
 \\/  ___)| |_)| | | | | || (_| |  ) ) ) )
  '  |____| .__|_| |_|_| |_\__, | / / / /
 =========|_|==============|___/=/_/_/_/

 :: Spring Boot ::                (v3.4.4)

2025-07-05T15:20:19.738+02:00  INFO 27328 --- [tasks] [    Test worker] c.c.tasks.controller.TaskControllerTest  : Starting TaskControllerTest using Java 21.0.6 with PID 27328 (started by mpods in C:\Users\mpods\IdeaProjects\tasks)
2025-07-05T15:20:19.739+02:00  INFO 27328 --- [tasks] [    Test worker] c.c.tasks.controller.TaskControllerTest  : No active profile set, falling back to 1 default profile: "default"
2025-07-05T15:20:19.745+02:00 DEBUG 27328 --- [tasks] [    Test worker] o.s.w.c.s.GenericWebApplicationContext   : Refreshing org.springframework.web.context.support.GenericWebApplicationContext@4bf14a9c
2025-07-05T15:20:21.691+02:00  INFO 27328 --- [tasks] [    Test worker] o.s.v.b.OptionalValidatorFactoryBean     : Failed to set up a Bean Validation provider: jakarta.validation.NoProviderFoundException: Unable to create a Configuration, because no Jakarta Bean Validation provider could be found. Add a provider like Hibernate Validator (RI) to your classpath.
2025-07-05T15:20:21.832+02:00 DEBUG 27328 --- [tasks] [    Test worker] s.w.s.m.m.a.RequestMappingHandlerMapping : 7 mappings in 'requestMappingHandlerMapping'
2025-07-05T15:20:22.089+02:00 DEBUG 27328 --- [tasks] [    Test worker] o.s.w.s.handler.SimpleUrlHandlerMapping  : Patterns [/webjars/**, /**] in 'resourceHandlerMapping'
2025-07-05T15:20:22.114+02:00 DEBUG 27328 --- [tasks] [    Test worker] s.w.s.m.m.a.RequestMappingHandlerAdapter : ControllerAdvice beans: 0 @ModelAttribute, 0 @InitBinder, 1 RequestBodyAdvice, 1 ResponseBodyAdvice
2025-07-05T15:20:22.139+02:00 DEBUG 27328 --- [tasks] [    Test worker] .m.m.a.ExceptionHandlerExceptionResolver : ControllerAdvice beans: 1 @ExceptionHandler, 1 ResponseBodyAdvice
2025-07-05T15:20:22.242+02:00  INFO 27328 --- [tasks] [    Test worker] o.s.b.t.m.w.SpringBootMockServletContext : Initializing Spring TestDispatcherServlet ''
2025-07-05T15:20:22.244+02:00  INFO 27328 --- [tasks] [    Test worker] o.s.t.web.servlet.TestDispatcherServlet  : Initializing Servlet ''
2025-07-05T15:20:22.252+02:00  INFO 27328 --- [tasks] [    Test worker] o.s.t.web.servlet.TestDispatcherServlet  : Completed initialization in 3 ms
2025-07-05T15:20:22.308+02:00  INFO 27328 --- [tasks] [    Test worker] c.c.tasks.controller.TaskControllerTest  : Started TaskControllerTest in 2.656 seconds (process running for 39.611)
2025-07-05T15:20:22.501+02:00 DEBUG 27328 --- [tasks] [    Test worker] s.w.s.m.m.a.RequestMappingHandlerMapping : Mapped to com.crud.tasks.controller.TaskController#updateTask(TaskDto)
2025-07-05T15:20:22.691+02:00 DEBUG 27328 --- [tasks] [    Test worker] m.m.a.RequestResponseBodyMethodProcessor : Read "application/json;charset=UTF-8" to [TaskDto(id=1, title=Updated, content=Content)]
2025-07-05T15:20:22.765+02:00 DEBUG 27328 --- [tasks] [    Test worker] o.s.w.s.m.m.a.HttpEntityMethodProcessor  : Using 'application/json', given [*/*] and supported [application/json, application/*+json, application/yaml]
2025-07-05T15:20:22.767+02:00 DEBUG 27328 --- [tasks] [    Test worker] o.s.w.s.m.m.a.HttpEntityMethodProcessor  : Writing [TaskDto(id=1, title=Updated, content=Content)]
2025-07-05T15:20:22.992+02:00 DEBUG 27328 --- [tasks] [    Test worker] s.w.s.m.m.a.RequestMappingHandlerMapping : Mapped to com.crud.tasks.controller.TaskController#getTask(Long)
2025-07-05T15:20:22.999+02:00 DEBUG 27328 --- [tasks] [    Test worker] o.s.w.s.m.m.a.HttpEntityMethodProcessor  : Using 'application/json', given [*/*] and supported [application/json, application/*+json, application/yaml]
2025-07-05T15:20:22.999+02:00 DEBUG 27328 --- [tasks] [    Test worker] o.s.w.s.m.m.a.HttpEntityMethodProcessor  : Writing [TaskDto(id=1, title=Single, content=Content)]
2025-07-05T15:20:23.018+02:00 DEBUG 27328 --- [tasks] [    Test worker] s.w.s.m.m.a.RequestMappingHandlerMapping : Mapped to com.crud.tasks.controller.TaskController#createTask(TaskDto)
2025-07-05T15:20:23.021+02:00 DEBUG 27328 --- [tasks] [    Test worker] m.m.a.RequestResponseBodyMethodProcessor : Read "application/json;charset=UTF-8" to [TaskDto(id=1, title=New Task, content=New Content)]
2025-07-05T15:20:23.023+02:00 DEBUG 27328 --- [tasks] [    Test worker] o.s.w.s.m.m.a.HttpEntityMethodProcessor  : Using 'application/json', given [*/*] and supported [application/json]
2025-07-05T15:20:23.024+02:00 DEBUG 27328 --- [tasks] [    Test worker] o.s.w.s.m.m.a.HttpEntityMethodProcessor  : Nothing to write: null body
2025-07-05T15:20:23.040+02:00 DEBUG 27328 --- [tasks] [    Test worker] s.w.s.m.m.a.RequestMappingHandlerMapping : Mapped to com.crud.tasks.controller.TaskController#deleteTask(Long)
2025-07-05T15:20:23.047+02:00 DEBUG 27328 --- [tasks] [    Test worker] o.s.w.s.m.m.a.HttpEntityMethodProcessor  : Using 'application/json', given [*/*] and supported [application/json, application/*+json, application/yaml]
2025-07-05T15:20:23.048+02:00 DEBUG 27328 --- [tasks] [    Test worker] o.s.w.s.m.m.a.HttpEntityMethodProcessor  : Nothing to write: null body
2025-07-05T15:20:23.063+02:00 DEBUG 27328 --- [tasks] [    Test worker] s.w.s.m.m.a.RequestMappingHandlerMapping : Mapped to com.crud.tasks.controller.TaskController#getAllTasks()
2025-07-05T15:20:23.083+02:00 DEBUG 27328 --- [tasks] [    Test worker] o.s.w.s.m.m.a.HttpEntityMethodProcessor  : Using 'application/json', given [*/*] and supported [application/json, application/*+json, application/yaml]
2025-07-05T15:20:23.084+02:00 DEBUG 27328 --- [tasks] [    Test worker] o.s.w.s.m.m.a.HttpEntityMethodProcessor  : Writing [[TaskDto(id=1, title=Test, content=Content)]]
]]></system-out>
  <system-err><![CDATA[]]></system-err>
</testsuite>
