<?xml version="1.0" encoding="UTF-8"?>
<testsuite name="com.crud.tasks.service.TrelloServiceTest" tests="4" skipped="0" failures="0" errors="0" timestamp="2025-07-05T13:20:25" hostname="LAPTOP-UQ2O29VI" time="0.287">
  <properties/>
  <testcase name="shouldThrowExceptionWhenListIdIsNull()" classname="com.crud.tasks.service.TrelloServiceTest" time="0.251"/>
  <testcase name="shouldThrowExceptionWhenListIdIsBlank()" classname="com.crud.tasks.service.TrelloServiceTest" time="0.005"/>
  <testcase name="shouldFetchTrelloBoards()" classname="com.crud.tasks.service.TrelloServiceTest" time="0.006"/>
  <testcase name="shouldCreateTrelloCardAndSendEmail()" classname="com.crud.tasks.service.TrelloServiceTest" time="0.022"/>
  <system-out><![CDATA[]]></system-out>
  <system-err><![CDATA[]]></system-err>
</testsuite>
