<?xml version="1.0" encoding="UTF-8"?>
<testsuite name="com.crud.tasks.service.DbServiceTest" tests="6" skipped="0" failures="0" errors="0" timestamp="2025-07-05T13:20:25" hostname="LAPTOP-UQ2O29VI" time="0.113">
  <properties/>
  <testcase name="shouldThrowExceptionWhenTaskNotFound()" classname="com.crud.tasks.service.DbServiceTest" time="0.066"/>
  <testcase name="shouldGetAllTasks()" classname="com.crud.tasks.service.DbServiceTest" time="0.005"/>
  <testcase name="shouldDeleteTaskById()" classname="com.crud.tasks.service.DbServiceTest" time="0.024"/>
  <testcase name="shouldSaveTask()" classname="com.crud.tasks.service.DbServiceTest" time="0.003"/>
  <testcase name="shouldThrowExceptionWhenDeletingNonexistentTask()" classname="com.crud.tasks.service.DbServiceTest" time="0.004"/>
  <testcase name="shouldGetTaskById()" classname="com.crud.tasks.service.DbServiceTest" time="0.004"/>
  <system-out><![CDATA[]]></system-out>
  <system-err><![CDATA[]]></system-err>
</testsuite>
