<?xml version="1.0" encoding="UTF-8"?>
<testsuite name="com.crud.tasks.additionaly.DecimalToHexTest" tests="1" skipped="0" failures="0" errors="0" timestamp="2025-07-04T20:29:02" hostname="LAPTOP-UQ2O29VI" time="0.003">
  <properties/>
  <testcase name="shouldConvertDecimalToHex()" classname="com.crud.tasks.additionaly.DecimalToHexTest" time="0.003"/>
  <system-out><![CDATA[]]></system-out>
  <system-err><![CDATA[]]></system-err>
</testsuite>
