<?xml version="1.0" encoding="UTF-8"?>
<testsuite name="com.crud.tasks.tello.config.TrelloConfigTest" tests="1" skipped="0" failures="0" errors="0" timestamp="2025-07-03T16:41:45" hostname="LAPTOP-UQ2O29VI" time="0.058">
  <properties/>
  <testcase name="testTrelloConfigLoadsProperly()" classname="com.crud.tasks.tello.config.TrelloConfigTest" time="0.058"/>
  <system-out><![CDATA[2025-07-03T18:41:44.614+02:00  INFO 22128 --- [tasks] [    Test worker] t.c.s.AnnotationConfigContextLoaderUtils : Could not detect default configuration classes for test class [com.crud.tasks.tello.config.TrelloConfigTest]: TrelloConfigTest does not declare any static, non-private, non-final, nested classes annotated with @Configuration.
2025-07-03T18:41:45.002+02:00  INFO 22128 --- [tasks] [    Test worker] .b.t.c.SpringBootTestContextBootstrapper : Found @SpringBootConfiguration com.crud.tasks.TasksApplication for test class com.crud.tasks.tello.config.TrelloConfigTest
]]></system-out>
  <system-err><![CDATA[]]></system-err>
</testsuite>
