<?xml version="1.0" encoding="UTF-8"?>
<testsuite name="com.crud.tasks.service.TrelloServiceTest" tests="4" skipped="0" failures="0" errors="0" timestamp="2025-07-05T17:51:41" hostname="LAPTOP-UQ2O29VI" time="0.253">
  <properties/>
  <testcase name="shouldThrowExceptionWhenListIdIsNull()" classname="com.crud.tasks.service.TrelloServiceTest" time="0.222"/>
  <testcase name="shouldThrowExceptionWhenListIdIsBlank()" classname="com.crud.tasks.service.TrelloServiceTest" time="0.004"/>
  <testcase name="shouldFetchTrelloBoards()" classname="com.crud.tasks.service.TrelloServiceTest" time="0.007"/>
  <testcase name="shouldCreateTrelloCardAndSendEmail()" classname="com.crud.tasks.service.TrelloServiceTest" time="0.018"/>
  <system-out><![CDATA[]]></system-out>
  <system-err><![CDATA[]]></system-err>
</testsuite>
