<?xml version="1.0" encoding="UTF-8"?>
<testsuite name="com.crud.tasks.tello.facade.TrelloFacadeTest" tests="2" skipped="0" failures="0" errors="0" timestamp="2025-07-05T17:51:42" hostname="LAPTOP-UQ2O29VI" time="0.278">
  <properties/>
  <testcase name="shouldFetchTrelloBoards()" classname="com.crud.tasks.tello.facade.TrelloFacadeTest" time="0.273"/>
  <testcase name="shouldFetchEmptyList()" classname="com.crud.tasks.tello.facade.TrelloFacadeTest" time="0.004"/>
  <system-out><![CDATA[]]></system-out>
  <system-err><![CDATA[]]></system-err>
</testsuite>
