<?xml version="1.0" encoding="UTF-8"?>
<testsuite name="com.crud.tasks.additionaly.SegregationValueTest" tests="4" skipped="0" failures="0" errors="0" timestamp="2025-07-05T13:20:19" hostname="LAPTOP-UQ2O29VI" time="0.019">
  <properties/>
  <testcase name="shouldSortIntegerListInAscendingOrder()" classname="com.crud.tasks.additionaly.SegregationValueTest" time="0.002"/>
  <testcase name="shouldSortIntArrayInAscendingOrder()" classname="com.crud.tasks.additionaly.SegregationValueTest" time="0.005"/>
  <testcase name="shouldSortIntegerListInDescendingOrder()" classname="com.crud.tasks.additionaly.SegregationValueTest" time="0.001"/>
  <testcase name="shouldSortIntegerArrayInDescendingOrder()" classname="com.crud.tasks.additionaly.SegregationValueTest" time="0.003"/>
  <system-out><![CDATA[]]></system-out>
  <system-err><![CDATA[]]></system-err>
</testsuite>
