<?xml version="1.0" encoding="UTF-8"?>
<testsuite name="com.crud.tasks.controller.TrelloControllerTest" tests="2" skipped="0" failures="0" errors="0" timestamp="2025-07-04T20:29:07" hostname="LAPTOP-UQ2O29VI" time="0.192">
  <properties/>
  <testcase name="shouldFetchTrelloBoards()" classname="com.crud.tasks.controller.TrelloControllerTest" time="0.138"/>
  <testcase name="shouldCreateTrelloCard()" classname="com.crud.tasks.controller.TrelloControllerTest" time="0.049"/>
  <system-out><![CDATA[2025-07-04T22:29:05.681+02:00  INFO 8672 --- [tasks] [    Test worker] .b.t.c.SpringBootTestContextBootstrapper : Found @SpringBootConfiguration com.crud.tasks.TasksApplication for test class com.crud.tasks.controller.TrelloControllerTest

  .   ____          _            __ _ _
 /\\ / ___'_ __ _ _(_)_ __  __ _ \ \ \ \
( ( )\___ | '_ | '_| | '_ \/ _` | \ \ \ \
 \\/  ___)| |_)| | | | | || (_| |  ) ) ) )
  '  |____| .__|_| |_|_| |_\__, | / / / /
 =========|_|==============|___/=/_/_/_/

 :: Spring Boot ::                (v3.4.4)

2025-07-04T22:29:05.788+02:00  INFO 8672 --- [tasks] [    Test worker] c.c.t.controller.TrelloControllerTest    : Starting TrelloControllerTest using Java 21.0.6 with PID 8672 (started by mpods in C:\Users\mpods\IdeaProjects\tasks)
2025-07-04T22:29:05.789+02:00  INFO 8672 --- [tasks] [    Test worker] c.c.t.controller.TrelloControllerTest    : No active profile set, falling back to 1 default profile: "default"
2025-07-04T22:29:05.795+02:00 DEBUG 8672 --- [tasks] [    Test worker] o.s.w.c.s.GenericWebApplicationContext   : Refreshing org.springframework.web.context.support.GenericWebApplicationContext@14021c10
2025-07-04T22:29:06.701+02:00  INFO 8672 --- [tasks] [    Test worker] o.s.v.b.OptionalValidatorFactoryBean     : Failed to set up a Bean Validation provider: jakarta.validation.NoProviderFoundException: Unable to create a Configuration, because no Jakarta Bean Validation provider could be found. Add a provider like Hibernate Validator (RI) to your classpath.
2025-07-04T22:29:06.737+02:00 DEBUG 8672 --- [tasks] [    Test worker] s.w.s.m.m.a.RequestMappingHandlerMapping : 4 mappings in 'requestMappingHandlerMapping'
2025-07-04T22:29:06.895+02:00 DEBUG 8672 --- [tasks] [    Test worker] o.s.w.s.handler.SimpleUrlHandlerMapping  : Patterns [/webjars/**, /**] in 'resourceHandlerMapping'
2025-07-04T22:29:06.928+02:00 DEBUG 8672 --- [tasks] [    Test worker] s.w.s.m.m.a.RequestMappingHandlerAdapter : ControllerAdvice beans: 0 @ModelAttribute, 0 @InitBinder, 1 RequestBodyAdvice, 1 ResponseBodyAdvice
2025-07-04T22:29:06.958+02:00 DEBUG 8672 --- [tasks] [    Test worker] .m.m.a.ExceptionHandlerExceptionResolver : ControllerAdvice beans: 1 @ExceptionHandler, 1 ResponseBodyAdvice
2025-07-04T22:29:07.010+02:00  INFO 8672 --- [tasks] [    Test worker] o.s.b.t.m.w.SpringBootMockServletContext : Initializing Spring TestDispatcherServlet ''
2025-07-04T22:29:07.011+02:00  INFO 8672 --- [tasks] [    Test worker] o.s.t.web.servlet.TestDispatcherServlet  : Initializing Servlet ''
2025-07-04T22:29:07.013+02:00  INFO 8672 --- [tasks] [    Test worker] o.s.t.web.servlet.TestDispatcherServlet  : Completed initialization in 2 ms
2025-07-04T22:29:07.059+02:00  INFO 8672 --- [tasks] [    Test worker] c.c.t.controller.TrelloControllerTest    : Started TrelloControllerTest in 1.37 seconds (process running for 43.142)
2025-07-04T22:29:07.126+02:00 DEBUG 8672 --- [tasks] [    Test worker] s.w.s.m.m.a.RequestMappingHandlerMapping : Mapped to com.crud.tasks.controller.TrelloController#getTrelloBoards()
2025-07-04T22:29:07.154+02:00 DEBUG 8672 --- [tasks] [    Test worker] o.s.w.s.m.m.a.HttpEntityMethodProcessor  : Using 'application/json', given [*/*] and supported [application/json, application/*+json, application/yaml]
2025-07-04T22:29:07.169+02:00 DEBUG 8672 --- [tasks] [    Test worker] o.s.w.s.m.m.a.HttpEntityMethodProcessor  : Writing [[TrelloBoardDto(id=1, name=Test Task, lists=[TrelloListDto(id=1, name=Test list, isClosed=false)])]]
2025-07-04T22:29:07.240+02:00 DEBUG 8672 --- [tasks] [    Test worker] s.w.s.m.m.a.RequestMappingHandlerMapping : Mapped to com.crud.tasks.controller.TrelloController#createTrelloCard(TrelloCardDto)
2025-07-04T22:29:07.254+02:00 DEBUG 8672 --- [tasks] [    Test worker] m.m.a.RequestResponseBodyMethodProcessor : Read "application/json;charset=UTF-8" to [TrelloCardDto(name=Test, desc=Test description, pos=top, listId=1)]
2025-07-04T22:29:07.264+02:00 DEBUG 8672 --- [tasks] [    Test worker] o.s.w.s.m.m.a.HttpEntityMethodProcessor  : Using 'application/json', given [*/*] and supported [application/json, application/*+json, application/yaml]
2025-07-04T22:29:07.265+02:00 DEBUG 8672 --- [tasks] [    Test worker] o.s.w.s.m.m.a.HttpEntityMethodProcessor  : Writing [CreatedTrelloCardDto(id=232, name=Test, shortUrl=http://test.com, badges=null)]
]]></system-out>
  <system-err><![CDATA[]]></system-err>
</testsuite>
