<?xml version="1.0" encoding="UTF-8"?>
<testsuite name="com.crud.tasks.controller.TaskControllerTest" tests="5" skipped="0" failures="0" errors="0" timestamp="2025-07-05T17:51:37" hostname="LAPTOP-UQ2O29VI" time="1.077">
  <properties/>
  <testcase name="shouldUpdateTask()" classname="com.crud.tasks.controller.TaskControllerTest" time="0.862"/>
  <testcase name="shouldFetchSingleTask()" classname="com.crud.tasks.controller.TaskControllerTest" time="0.036"/>
  <testcase name="shouldCreateTask()" classname="com.crud.tasks.controller.TaskControllerTest" time="0.037"/>
  <testcase name="shouldDeleteTask()" classname="com.crud.tasks.controller.TaskControllerTest" time="0.038"/>
  <testcase name="shouldFetchAllTasks()" classname="com.crud.tasks.controller.TaskControllerTest" time="0.083"/>
  <system-out><![CDATA[2025-07-05T19:51:35.865+02:00  INFO 18572 --- [tasks] [    Test worker] .b.t.c.SpringBootTestContextBootstrapper : Found @SpringBootConfiguration com.crud.tasks.TasksApplication for test class com.crud.tasks.controller.TaskControllerTest

  .   ____          _            __ _ _
 /\\ / ___'_ __ _ _(_)_ __  __ _ \ \ \ \
( ( )\___ | '_ | '_| | '_ \/ _` | \ \ \ \
 \\/  ___)| |_)| | | | | || (_| |  ) ) ) )
  '  |____| .__|_| |_|_| |_\__, | / / / /
 =========|_|==============|___/=/_/_/_/

 :: Spring Boot ::                (v3.4.4)

2025-07-05T19:51:35.926+02:00  INFO 18572 --- [tasks] [    Test worker] c.c.tasks.controller.TaskControllerTest  : Starting TaskControllerTest using Java 21.0.6 with PID 18572 (started by mpods in C:\Users\mpods\IdeaProjects\tasks)
2025-07-05T19:51:35.927+02:00  INFO 18572 --- [tasks] [    Test worker] c.c.tasks.controller.TaskControllerTest  : No active profile set, falling back to 1 default profile: "default"
2025-07-05T19:51:35.932+02:00 DEBUG 18572 --- [tasks] [    Test worker] o.s.w.c.s.GenericWebApplicationContext   : Refreshing org.springframework.web.context.support.GenericWebApplicationContext@788c0028
2025-07-05T19:51:36.805+02:00  INFO 18572 --- [tasks] [    Test worker] o.s.v.b.OptionalValidatorFactoryBean     : Failed to set up a Bean Validation provider: jakarta.validation.NoProviderFoundException: Unable to create a Configuration, because no Jakarta Bean Validation provider could be found. Add a provider like Hibernate Validator (RI) to your classpath.
2025-07-05T19:51:36.860+02:00 DEBUG 18572 --- [tasks] [    Test worker] s.w.s.m.m.a.RequestMappingHandlerMapping : 7 mappings in 'requestMappingHandlerMapping'
2025-07-05T19:51:37.095+02:00 DEBUG 18572 --- [tasks] [    Test worker] o.s.w.s.handler.SimpleUrlHandlerMapping  : Patterns [/webjars/**, /**] in 'resourceHandlerMapping'
2025-07-05T19:51:37.116+02:00 DEBUG 18572 --- [tasks] [    Test worker] s.w.s.m.m.a.RequestMappingHandlerAdapter : ControllerAdvice beans: 0 @ModelAttribute, 0 @InitBinder, 1 RequestBodyAdvice, 1 ResponseBodyAdvice
2025-07-05T19:51:37.136+02:00 DEBUG 18572 --- [tasks] [    Test worker] .m.m.a.ExceptionHandlerExceptionResolver : ControllerAdvice beans: 1 @ExceptionHandler, 1 ResponseBodyAdvice
2025-07-05T19:51:37.230+02:00  INFO 18572 --- [tasks] [    Test worker] o.s.b.t.m.w.SpringBootMockServletContext : Initializing Spring TestDispatcherServlet ''
2025-07-05T19:51:37.231+02:00  INFO 18572 --- [tasks] [    Test worker] o.s.t.web.servlet.TestDispatcherServlet  : Initializing Servlet ''
2025-07-05T19:51:37.240+02:00  INFO 18572 --- [tasks] [    Test worker] o.s.t.web.servlet.TestDispatcherServlet  : Completed initialization in 3 ms
2025-07-05T19:51:37.283+02:00  INFO 18572 --- [tasks] [    Test worker] c.c.tasks.controller.TaskControllerTest  : Started TaskControllerTest in 1.412 seconds (process running for 26.283)
2025-07-05T19:51:37.525+02:00 DEBUG 18572 --- [tasks] [    Test worker] s.w.s.m.m.a.RequestMappingHandlerMapping : Mapped to com.crud.tasks.controller.TaskController#updateTask(TaskDto)
2025-07-05T19:51:37.800+02:00 DEBUG 18572 --- [tasks] [    Test worker] m.m.a.RequestResponseBodyMethodProcessor : Read "application/json;charset=UTF-8" to [TaskDto(id=1, title=Updated, content=Content)]
2025-07-05T19:51:37.903+02:00 DEBUG 18572 --- [tasks] [    Test worker] o.s.w.s.m.m.a.HttpEntityMethodProcessor  : Using 'application/json', given [*/*] and supported [application/json, application/*+json, application/yaml]
2025-07-05T19:51:37.909+02:00 DEBUG 18572 --- [tasks] [    Test worker] o.s.w.s.m.m.a.HttpEntityMethodProcessor  : Writing [TaskDto(id=1, title=Updated, content=Content)]
2025-07-05T19:51:38.177+02:00 DEBUG 18572 --- [tasks] [    Test worker] s.w.s.m.m.a.RequestMappingHandlerMapping : Mapped to com.crud.tasks.controller.TaskController#getTask(Long)
2025-07-05T19:51:38.187+02:00 DEBUG 18572 --- [tasks] [    Test worker] o.s.w.s.m.m.a.HttpEntityMethodProcessor  : Using 'application/json', given [*/*] and supported [application/json, application/*+json, application/yaml]
2025-07-05T19:51:38.188+02:00 DEBUG 18572 --- [tasks] [    Test worker] o.s.w.s.m.m.a.HttpEntityMethodProcessor  : Writing [TaskDto(id=1, title=Single, content=Content)]
2025-07-05T19:51:38.218+02:00 DEBUG 18572 --- [tasks] [    Test worker] s.w.s.m.m.a.RequestMappingHandlerMapping : Mapped to com.crud.tasks.controller.TaskController#createTask(TaskDto)
2025-07-05T19:51:38.225+02:00 DEBUG 18572 --- [tasks] [    Test worker] m.m.a.RequestResponseBodyMethodProcessor : Read "application/json;charset=UTF-8" to [TaskDto(id=1, title=New Task, content=New Content)]
2025-07-05T19:51:38.229+02:00 DEBUG 18572 --- [tasks] [    Test worker] o.s.w.s.m.m.a.HttpEntityMethodProcessor  : Using 'application/json', given [*/*] and supported [application/json]
2025-07-05T19:51:38.231+02:00 DEBUG 18572 --- [tasks] [    Test worker] o.s.w.s.m.m.a.HttpEntityMethodProcessor  : Nothing to write: null body
2025-07-05T19:51:38.260+02:00 DEBUG 18572 --- [tasks] [    Test worker] s.w.s.m.m.a.RequestMappingHandlerMapping : Mapped to com.crud.tasks.controller.TaskController#deleteTask(Long)
2025-07-05T19:51:38.269+02:00 DEBUG 18572 --- [tasks] [    Test worker] o.s.w.s.m.m.a.HttpEntityMethodProcessor  : Using 'application/json', given [*/*] and supported [application/json, application/*+json, application/yaml]
2025-07-05T19:51:38.272+02:00 DEBUG 18572 --- [tasks] [    Test worker] o.s.w.s.m.m.a.HttpEntityMethodProcessor  : Nothing to write: null body
2025-07-05T19:51:38.307+02:00 DEBUG 18572 --- [tasks] [    Test worker] s.w.s.m.m.a.RequestMappingHandlerMapping : Mapped to com.crud.tasks.controller.TaskController#getAllTasks()
2025-07-05T19:51:38.339+02:00 DEBUG 18572 --- [tasks] [    Test worker] o.s.w.s.m.m.a.HttpEntityMethodProcessor  : Using 'application/json', given [*/*] and supported [application/json, application/*+json, application/yaml]
2025-07-05T19:51:38.342+02:00 DEBUG 18572 --- [tasks] [    Test worker] o.s.w.s.m.m.a.HttpEntityMethodProcessor  : Writing [[TaskDto(id=1, title=Test, content=Content)]]
]]></system-out>
  <system-err><![CDATA[]]></system-err>
</testsuite>
