<?xml version="1.0" encoding="UTF-8"?>
<testsuite name="com.crud.tasks.additionaly.AdminConfigTest" tests="1" skipped="0" failures="0" errors="0" timestamp="2025-07-05T17:51:35" hostname="LAPTOP-UQ2O29VI" time="0.033">
  <properties/>
  <testcase name="shouldReturnAdminEmailFromProperties()" classname="com.crud.tasks.additionaly.AdminConfigTest" time="0.033"/>
  <system-out><![CDATA[2025-07-05T19:51:32.050+02:00  INFO 18572 --- [tasks] [    Test worker] t.c.s.AnnotationConfigContextLoaderUtils : Could not detect default configuration classes for test class [com.crud.tasks.additionaly.AdminConfigTest]: AdminConfigTest does not declare any static, non-private, non-final, nested classes annotated with @Configuration.
2025-07-05T19:51:32.081+02:00  INFO 18572 --- [tasks] [    Test worker] .b.t.c.SpringBootTestContextBootstrapper : Found @SpringBootConfiguration com.crud.tasks.TasksApplication for test class com.crud.tasks.additionaly.AdminConfigTest

  .   ____          _            __ _ _
 /\\ / ___'_ __ _ _(_)_ __  __ _ \ \ \ \
( ( )\___ | '_ | '_| | '_ \/ _` | \ \ \ \
 \\/  ___)| |_)| | | | | || (_| |  ) ) ) )
  '  |____| .__|_| |_|_| |_\__, | / / / /
 =========|_|==============|___/=/_/_/_/

 :: Spring Boot ::                (v3.4.4)

2025-07-05T19:51:32.139+02:00  INFO 18572 --- [tasks] [    Test worker] c.c.tasks.additionaly.AdminConfigTest    : Starting AdminConfigTest using Java 21.0.6 with PID 18572 (started by mpods in C:\Users\mpods\IdeaProjects\tasks)
2025-07-05T19:51:32.140+02:00  INFO 18572 --- [tasks] [    Test worker] c.c.tasks.additionaly.AdminConfigTest    : No active profile set, falling back to 1 default profile: "default"
2025-07-05T19:51:32.144+02:00 DEBUG 18572 --- [tasks] [    Test worker] o.s.w.c.s.GenericWebApplicationContext   : Refreshing org.springframework.web.context.support.GenericWebApplicationContext@7828111d
2025-07-05T19:51:32.826+02:00  INFO 18572 --- [tasks] [    Test worker] .s.d.r.c.RepositoryConfigurationDelegate : Bootstrapping Spring Data JPA repositories in DEFAULT mode.
2025-07-05T19:51:32.958+02:00  INFO 18572 --- [tasks] [    Test worker] .s.d.r.c.RepositoryConfigurationDelegate : Finished Spring Data repository scanning in 127 ms. Found 1 JPA repository interface.
2025-07-05T19:51:33.192+02:00  INFO 18572 --- [tasks] [    Test worker] o.hibernate.jpa.internal.util.LogHelper  : HHH000204: Processing PersistenceUnitInfo [name: default]
2025-07-05T19:51:33.207+02:00  INFO 18572 --- [tasks] [    Test worker] o.h.c.internal.RegionFactoryInitiator    : HHH000026: Second-level cache disabled
2025-07-05T19:51:33.258+02:00  INFO 18572 --- [tasks] [    Test worker] o.s.o.j.p.SpringPersistenceUnitInfo      : No LoadTimeWeaver setup: ignoring JPA class transformer
2025-07-05T19:51:33.262+02:00  INFO 18572 --- [tasks] [    Test worker] com.zaxxer.hikari.HikariDataSource       : HikariPool-2 - Starting...
2025-07-05T19:51:33.731+02:00  INFO 18572 --- [tasks] [    Test worker] com.zaxxer.hikari.pool.HikariPool        : HikariPool-2 - Added connection com.mysql.cj.jdbc.ConnectionImpl@6fb9179e
2025-07-05T19:51:33.731+02:00  INFO 18572 --- [tasks] [    Test worker] com.zaxxer.hikari.HikariDataSource       : HikariPool-2 - Start completed.
2025-07-05T19:51:33.774+02:00  WARN 18572 --- [tasks] [    Test worker] org.hibernate.orm.deprecation            : HHH90000025: MySQLDialect does not need to be specified explicitly using 'hibernate.dialect' (remove the property setting and it will be selected by default)
2025-07-05T19:51:33.775+02:00  INFO 18572 --- [tasks] [    Test worker] org.hibernate.orm.connections.pooling    : HHH10001005: Database info:
	Database JDBC URL [Connecting through datasource 'HikariDataSource (HikariPool-2)']
	Database driver: undefined/unknown
	Database version: 8.0.22
	Autocommit mode: undefined/unknown
	Isolation level: undefined/unknown
	Minimum pool size: undefined/unknown
	Maximum pool size: undefined/unknown
2025-07-05T19:51:33.833+02:00  INFO 18572 --- [tasks] [    Test worker] o.h.e.t.j.p.i.JtaPlatformInitiator       : HHH000489: No JTA platform available (set 'hibernate.transaction.jta.platform' to enable JTA platform integration)
2025-07-05T19:51:33.939+02:00  INFO 18572 --- [tasks] [    Test worker] j.LocalContainerEntityManagerFactoryBean : Initialized JPA EntityManagerFactory for persistence unit 'default'
2025-07-05T19:51:34.677+02:00  WARN 18572 --- [tasks] [    Test worker] JpaBaseConfiguration$JpaWebConfiguration : spring.jpa.open-in-view is enabled by default. Therefore, database queries may be performed during view rendering. Explicitly configure spring.jpa.open-in-view to disable this warning
2025-07-05T19:51:34.733+02:00  INFO 18572 --- [tasks] [    Test worker] o.s.v.b.OptionalValidatorFactoryBean     : Failed to set up a Bean Validation provider: jakarta.validation.NoProviderFoundException: Unable to create a Configuration, because no Jakarta Bean Validation provider could be found. Add a provider like Hibernate Validator (RI) to your classpath.
2025-07-05T19:51:34.755+02:00 DEBUG 18572 --- [tasks] [    Test worker] s.w.s.m.m.a.RequestMappingHandlerMapping : 13 mappings in 'requestMappingHandlerMapping'
2025-07-05T19:51:34.913+02:00 DEBUG 18572 --- [tasks] [    Test worker] o.s.w.s.handler.SimpleUrlHandlerMapping  : Patterns [/webjars/**, /**, /swagger-ui*/*swagger-initializer.js, /swagger-ui*/**] in 'resourceHandlerMapping'
2025-07-05T19:51:34.996+02:00 DEBUG 18572 --- [tasks] [    Test worker] s.w.s.m.m.a.RequestMappingHandlerAdapter : ControllerAdvice beans: 0 @ModelAttribute, 0 @InitBinder, 1 RequestBodyAdvice, 1 ResponseBodyAdvice
2025-07-05T19:51:35.050+02:00 DEBUG 18572 --- [tasks] [    Test worker] .m.m.a.ExceptionHandlerExceptionResolver : ControllerAdvice beans: 2 @ExceptionHandler, 1 ResponseBodyAdvice
2025-07-05T19:51:35.648+02:00  INFO 18572 --- [tasks] [    Test worker] o.s.b.a.e.web.EndpointLinksResolver      : Exposing 14 endpoints beneath base path '/application'
2025-07-05T19:51:35.727+02:00  INFO 18572 --- [tasks] [    Test worker] c.c.tasks.additionaly.AdminConfigTest    : Started AdminConfigTest in 3.635 seconds (process running for 24.726)
]]></system-out>
  <system-err><![CDATA[]]></system-err>
</testsuite>
